<?xml version="1.0" encoding="UTF-8"?>
<!-- Generated by org.testng.reporters.JUnitXMLReporter -->
<testsuite hostname="LAPTOP-A9SHFLG8" name="Application Test" tests="3" failures="0" timestamp="16 Sep 2017 18:31:13 GMT" time="0.047" errors="0">
  <testcase name="LoginTest" time="0.001" classname="Testcases.ApplicationTest">
    <skipped/>
  </testcase> <!-- LoginTest -->
  <testcase name="PassWordChangeTest" time="0.0" classname="Testcases.ApplicationTest"/>
  <testcase name="LogoutTest" time="0.0" classname="Testcases.ApplicationTest"/>
</testsuite> <!-- Application Test -->
